C51 COMPILER V9.52.0.0   MAIN                                                              12/09/2021 20:21:34 PAGE 1   


C51 COMPILER V9.52.0.0, COMPILATION OF MODULE MAIN
OBJECT MODULE PLACED IN main.OBJ
COMPILER INVOKED BY: C:\Keil\C51\BIN\C51.EXE main.c BROWSE DEBUG OBJECTEXTEND TABS(2)

line level    source

   1          #include<reg52.h>
   2          #include<intrins.h>
   3          
   4          typedef unsigned int u16;
   5          typedef unsigned char u8;
   6          
   7          
   8          #define led P0//后面不用加分号
   9          
  10          void delay(u16 i)
  11          {
  12   1        while(i--);
  13   1      }
  14          
  15          void main()
  16          {
  17   1        u8 i;
  18   1        led=0*01;
  19   1         delay(50000);    
  20   1        while(i--)
  21   1        {
  22   2             for(i=0;i<8;i++){
  23   3               led=(0*01<<i);//   0000 0001    0000 0010     0000 0100灯亮一直流水流动
  24   3               delay(50000);
  25   3             }
  26   2            //   for(i=0;i<7;i++){
  27   2            //  led=_cror_(led,1);
  28   2            //  delay(50000);
  29   2            //   }           
  30   2            //   for(i=0;i<7;i++){
  31   2            //  led=_crol_(led,1);
  32   2            //  delay(50000);
  33   2      
  34   2      
  35   2      
  36   2      
  37   2      
  38   2      
  39   2      
  40   2               
  41   2        }
  42   1        
  43   1      }


MODULE INFORMATION:   STATIC OVERLAYABLE
   CODE SIZE        =     51    ----
   CONSTANT SIZE    =   ----    ----
   XDATA SIZE       =   ----    ----
   PDATA SIZE       =   ----    ----
   DATA SIZE        =   ----    ----
   IDATA SIZE       =   ----    ----
   BIT SIZE         =   ----    ----
END OF MODULE INFORMATION.


C51 COMPILATION COMPLETE.  0 WARNING(S),  0 ERROR(S)
