C51 COMPILER V9.52.0.0   MAIN                                                              12/10/2021 20:23:09 PAGE 1   


C51 COMPILER V9.52.0.0, COMPILATION OF MODULE MAIN
OBJECT MODULE PLACED IN main.OBJ
COMPILER INVOKED BY: C:\Keil\C51\BIN\C51.EXE main.c BROWSE DEBUG OBJECTEXTEND TABS(2)

line level    source

   1          #include"reg52.h"
   2          #include"intrins.h"
   3          
   4          typedef unsigned int u16;
   5          typedef unsigned char u8;
   6          
   7          sbit LSA=P2^2;
   8          sbit LSB=P2^3;
   9          sbit LSC=P2^4; 
  10          
  11           
  12          u8 code smgduan[16]={0x3f , 0x06, 0x5b,  0x4f,  0x66, 0x6d, 0x7d, 0x07, 0x7f, 0x6f,0x77,0x7c,0x39,0x5e,0x7
             -9,0x71};//共阴
  13          
  14          
  15          void delay(u16 i)
  16          {
  17   1        while(i--);
  18   1          
  19   1      }
  20          
  21          
  22          
  23          void DigDisplay()
  24          {
  25   1        u8 i;
  26   1        for(i=0;i<8;i++)
  27   1        {
  28   2          switch(i)
  29   2          {
  30   3            case (0):
  31   3            LSA=0;LSB=0;LSC=0;break;//当i等于0，就执行这个后，break后i+1执继续执行下一段
  32   3            case(1):
  33   3            LSA=1;LSB=0;LSC=0;break;
  34   3            case(2):
  35   3            LSA=0;LSB=1;LSC=0;break;
  36   3            case (3):
  37   3            LSA=1;LSB=1;LSC=0;break;
  38   3            case(4):
  39   3            LSA=0;LSB=0;LSC=1;break;
  40   3            case(5):
  41   3            LSA=1;LSB=0;LSC=1;break;
  42   3            case (6):
  43   3            LSA=0;LSB=1;LSC=1;break;
  44   3            case(7):
  45   3            LSA=1;LSB=1;LSC=1;break;
  46   3      
  47   3          }
  48   2          P0= smgduan[i];
  49   2          delay(100);
  50   2              P0=0*00;//清0，防止重影 
  51   2        }
  52   1        
  53   1      }
  54          void main()
C51 COMPILER V9.52.0.0   MAIN                                                              12/10/2021 20:23:09 PAGE 2   

  55          {
  56   1        P0= ~smgduan[0];//单独的数码管是共阳的，用取反符号得共阴
  57   1        while(1)
  58   1        {
  59   2          DigDisplay();
  60   2        }
  61   1      }


MODULE INFORMATION:   STATIC OVERLAYABLE
   CODE SIZE        =    133    ----
   CONSTANT SIZE    =     16    ----
   XDATA SIZE       =   ----    ----
   PDATA SIZE       =   ----    ----
   DATA SIZE        =   ----    ----
   IDATA SIZE       =   ----    ----
   BIT SIZE         =   ----    ----
END OF MODULE INFORMATION.


C51 COMPILATION COMPLETE.  0 WARNING(S),  0 ERROR(S)
