C51 COMPILER V9.52.0.0   MAIN                                                              12/07/2021 21:02:57 PAGE 1   


C51 COMPILER V9.52.0.0, COMPILATION OF MODULE MAIN
OBJECT MODULE PLACED IN main.OBJ
COMPILER INVOKED BY: D:\keilc51\C51\BIN\C51.EXE main.c BROWSE DEBUG OBJECTEXTEND TABS(2)

line level    source

   1          #include "reg52.h"
   2          #include "intrins.h"
   3          
   4          
   5          typedef unsigned char u8;
   6          typedef unsigned int u16;
   7          sbit beep=P0^0;
   8          
   9          
  10          void Delay1us(u16 k)    //@12.000MHz
  11            {while (k--)
  12   1            
  13   1              {
  14   2              _nop_();
  15   2              _nop_();
  16   2              _nop_();
  17   2              _nop_();
  18   2              }
  19   1      }
  20          
  21          
  22          
  23          void main()
  24          {
  25   1        
  26   1        while(1)
  27   1        {
  28   2          beep=~beep;
  29   2          Delay1us(10);
  30   2          beep=0;
  31   2          Delay1us(5);
  32   2        }
  33   1        
  34   1      }


MODULE INFORMATION:   STATIC OVERLAYABLE
   CODE SIZE        =     37    ----
   CONSTANT SIZE    =   ----    ----
   XDATA SIZE       =   ----    ----
   PDATA SIZE       =   ----    ----
   DATA SIZE        =   ----    ----
   IDATA SIZE       =   ----    ----
   BIT SIZE         =   ----    ----
END OF MODULE INFORMATION.


C51 COMPILATION COMPLETE.  0 WARNING(S),  0 ERROR(S)
